#
# There is insufficient memory for the Java Runtime Environment to continue.
# Native memory allocation (malloc) failed to allocate 735056 bytes for Chunk::new
# Possible reasons:
#   The system is out of physical RAM or swap space
#   In 32 bit mode, the process size limit was hit
# Possible solutions:
#   Reduce memory load on the system
#   Increase physical memory or swap space
#   Check if swap backing store is full
#   Use 64 bit Java on a 64 bit OS
#   Decrease Java heap size (-Xmx/-Xms)
#   Decrease number of Java threads
#   Decrease Java thread stack sizes (-Xss)
#   Set larger code cache with -XX:ReservedCodeCacheSize=
# This output file may be truncated or incomplete.
#
#  Out of Memory Error (allocation.cpp:390), pid=6024, tid=0x0000000000001fdc
#
# JRE version: OpenJDK Runtime Environment (8.0_152-b01) (build 1.8.0_152-release-1343-b01)
# Java VM: OpenJDK 64-Bit Server VM (25.152-b01 mixed mode windows-amd64 compressed oops)
# Failed to write core dump. Minidumps are not enabled by default on client versions of Windows
#

---------------  T H R E A D  ---------------

Current thread (0x00000000187c0800):  JavaThread "C2 CompilerThread2" daemon [_thread_in_native, id=8156, stack(0x000000001a000000,0x000000001a100000)]

Stack: [0x000000001a000000,0x000000001a100000]
[error occurred during error reporting (printing stack bounds), id 0xc0000005]

Native frames: (J=compiled Java code, j=interpreted, Vv=VM code, C=native code)


Current CompileTask:
C2:   5670 1396   !   4       java.net.URLClassLoader$1::run (63 bytes)


---------------  P R O C E S S  ---------------

Java Threads: ( => current thread )
  0x000000001b7ad800 JavaThread "Cache worker for file hash cache (F:\Natural disaster IDeas\App\Unity\.gradle\5.1.1\fileHashes)" [_thread_blocked, id=22456, stack(0x000000001f2f0000,0x000000001f3f0000)]
  0x000000001b7ac800 JavaThread "Cache worker for journal cache (E:\Tools\Android\gradle-5.4.1-all\gradle-5.4.1\bin\caches\journal-1)" [_thread_blocked, id=16896, stack(0x000000001d050000,0x000000001d150000)]
  0x000000001b7af000 JavaThread "File lock request listener" [_thread_in_native, id=6344, stack(0x000000001cf50000,0x000000001d050000)]
  0x000000001b66d000 JavaThread "Cache worker for file hash cache (E:\Tools\Android\gradle-5.4.1-all\gradle-5.4.1\bin\caches\5.1.1\fileHashes)" [_thread_blocked, id=16228, stack(0x000000001ce50000,0x000000001cf50000)]
  0x000000001b625000 JavaThread "Thread-8" [_thread_blocked, id=22124, stack(0x000000001cd50000,0x000000001ce50000)]
  0x000000001b62d800 JavaThread "Stdin handler" [_thread_blocked, id=15660, stack(0x000000001cc50000,0x000000001cd50000)]
  0x000000001b593800 JavaThread "Asynchronous log dispatcher for DefaultDaemonConnection: socket connection from /127.0.0.1:64961 to /127.0.0.1:64962" [_thread_blocked, id=13372, stack(0x000000001cb50000,0x000000001cc50000)]
  0x000000001b62f000 JavaThread "Daemon worker" [_thread_in_native, id=20424, stack(0x000000001ca50000,0x000000001cb50000)]
  0x000000001b59f000 JavaThread "Cancel handler" [_thread_blocked, id=20272, stack(0x000000001c850000,0x000000001c950000)]
  0x000000001b57e800 JavaThread "Handler for socket connection from /127.0.0.1:64961 to /127.0.0.1:64962" [_thread_in_native, id=19864, stack(0x000000001c550000,0x000000001c650000)]
  0x000000001b53a000 JavaThread "Daemon" [_thread_blocked, id=13960, stack(0x000000001c450000,0x000000001c550000)]
  0x000000001b51d800 JavaThread "Daemon periodic checks" [_thread_blocked, id=2872, stack(0x000000001c350000,0x000000001c450000)]
  0x000000001b517800 JavaThread "Incoming local TCP Connector on port 64961" [_thread_in_native, id=20692, stack(0x000000001c110000,0x000000001c210000)]
  0x00000000187dd000 JavaThread "Service Thread" daemon [_thread_blocked, id=19504, stack(0x000000001a200000,0x000000001a300000)]
  0x00000000187c1000 JavaThread "C1 CompilerThread3" daemon [_thread_blocked, id=16772, stack(0x000000001a100000,0x000000001a200000)]
=>0x00000000187c0800 JavaThread "C2 CompilerThread2" daemon [_thread_in_native, id=8156, stack(0x000000001a000000,0x000000001a100000)]
  0x00000000187bd800 JavaThread "C2 CompilerThread1" daemon [_thread_in_native, id=6052, stack(0x0000000019f00000,0x000000001a000000)]
  0x00000000187b7000 JavaThread "C2 CompilerThread0" daemon [_thread_blocked, id=17724, stack(0x0000000019e00000,0x0000000019f00000)]
  0x00000000187b6000 JavaThread "Attach Listener" daemon [_thread_blocked, id=9444, stack(0x0000000019d00000,0x0000000019e00000)]
  0x00000000187c5800 JavaThread "Signal Dispatcher" daemon [_thread_blocked, id=15204, stack(0x0000000019c00000,0x0000000019d00000)]
  0x000000000310a800 JavaThread "Finalizer" daemon [_thread_blocked, id=22668, stack(0x0000000019a10000,0x0000000019b10000)]
  0x00000000170cc800 JavaThread "Reference Handler" daemon [_thread_blocked, id=14824, stack(0x0000000019910000,0x0000000019a10000)]
  0x0000000003012800 JavaThread "main" [_thread_blocked, id=17276, stack(0x0000000002f10000,0x0000000003010000)]

Other Threads:
  0x00000000170c5800 VMThread [stack: 0x0000000019810000,0x0000000019910000] [id=13660]
  0x000000001885f800 WatcherThread [stack: 0x000000001a300000,0x000000001a400000] [id=23356]

VM state:not at safepoint (normal execution)

VM Mutex/Monitor currently owned by a thread: None

Heap:
 PSYoungGen      total 37888K, used 8427K [0x00000000e0000000, 0x00000000e2a00000, 0x0000000100000000)
  eden space 32768K, 10% used [0x00000000e0000000,0x00000000e033ef90,0x00000000e2000000)
  from space 5120K, 99% used [0x00000000e2500000,0x00000000e29fc010,0x00000000e2a00000)
  to   space 5120K, 0% used [0x00000000e2000000,0x00000000e2000000,0x00000000e2500000)
 ParOldGen       total 86016K, used 4860K [0x00000000a0000000, 0x00000000a5400000, 0x00000000e0000000)
  object space 86016K, 5% used [0x00000000a0000000,0x00000000a04bf0a8,0x00000000a5400000)
 Metaspace       used 15730K, capacity 16116K, committed 16256K, reserved 1062912K
  class space    used 2243K, capacity 2422K, committed 2432K, reserved 1048576K

Card table byte_map: [0x00000000124d0000,0x00000000127e0000] byte_map_base: 0x0000000011fd0000

Marking Bits: (ParMarkBitMap*) 0x00000000756f5aa0
 Begin Bits: [0x00000000133e0000, 0x0000000014be0000)
 End Bits:   [0x0000000014be0000, 0x00000000163e0000)

Polling page: 0x0000000000df0000

CodeCache: size=245760Kb used=5243Kb max_used=5260Kb free=240516Kb
 bounds [0x0000000003110000, 0x0000000003640000, 0x0000000012110000]
 total_blobs=1894 nmethods=1508 adapters=299
 compilation: enabled

Compilation events (10 events):
Event: 5.631 Thread 0x00000000187c1000 1507       3       org.gradle.internal.service.DefaultServiceRegistry::serviceRequested (42 bytes)
Event: 5.633 Thread 0x00000000187c1000 nmethod 1507 0x000000000362ab50 code [0x000000000362adc0, 0x000000000362bfe8]
Event: 5.634 Thread 0x00000000187c1000 1508       3       org.gradle.internal.service.DefaultServiceRegistry::noLongerMutable (24 bytes)
Event: 5.634 Thread 0x00000000187c1000 nmethod 1508 0x0000000003622050 code [0x00000000036221c0, 0x0000000003622510]
Event: 5.642 Thread 0x00000000187b7000 nmethod 1478% 0x00000000036308d0 code [0x0000000003630aa0, 0x0000000003631d78]
Event: 5.642 Thread 0x00000000187b7000 1505   !   4       java.util.zip.InflaterInputStream::read (138 bytes)
Event: 5.652 Thread 0x00000000187c1000 1509       3       org.gradle.internal.service.DefaultServiceRegistry$SingletonService::getService (18 bytes)
Event: 5.653 Thread 0x00000000187c1000 nmethod 1509 0x0000000003621b50 code [0x0000000003621ce0, 0x0000000003621f58]
Event: 5.653 Thread 0x00000000187c1000 1510       3       org.gradle.internal.service.DefaultServiceRegistry::access$1200 (6 bytes)
Event: 5.653 Thread 0x00000000187c1000 nmethod 1510 0x00000000036217d0 code [0x0000000003621940, 0x0000000003621aa8]

GC Heap History (8 events):
Event: 1.658 GC heap before
{Heap before GC invocations=1 (full 0):
 PSYoungGen      total 37888K, used 32768K [0x00000000e0000000, 0x00000000e2a00000, 0x0000000100000000)
  eden space 32768K, 100% used [0x00000000e0000000,0x00000000e2000000,0x00000000e2000000)
  from space 5120K, 0% used [0x00000000e2500000,0x00000000e2500000,0x00000000e2a00000)
  to   space 5120K, 0% used [0x00000000e2000000,0x00000000e2000000,0x00000000e2500000)
 ParOldGen       total 86016K, used 0K [0x00000000a0000000, 0x00000000a5400000, 0x00000000e0000000)
  object space 86016K, 0% used [0x00000000a0000000,0x00000000a0000000,0x00000000a5400000)
 Metaspace       used 6910K, capacity 7038K, committed 7168K, reserved 1056768K
  class space    used 843K, capacity 907K, committed 1024K, reserved 1048576K
Event: 1.665 GC heap after
Heap after GC invocations=1 (full 0):
 PSYoungGen      total 37888K, used 4303K [0x00000000e0000000, 0x00000000e2a00000, 0x0000000100000000)
  eden space 32768K, 0% used [0x00000000e0000000,0x00000000e0000000,0x00000000e2000000)
  from space 5120K, 84% used [0x00000000e2000000,0x00000000e2433f88,0x00000000e2500000)
  to   space 5120K, 0% used [0x00000000e2500000,0x00000000e2500000,0x00000000e2a00000)
 ParOldGen       total 86016K, used 8K [0x00000000a0000000, 0x00000000a5400000, 0x00000000e0000000)
  object space 86016K, 0% used [0x00000000a0000000,0x00000000a0002000,0x00000000a5400000)
 Metaspace       used 6910K, capacity 7038K, committed 7168K, reserved 1056768K
  class space    used 843K, capacity 907K, committed 1024K, reserved 1048576K
}
Event: 2.464 GC heap before
{Heap before GC invocations=2 (full 0):
 PSYoungGen      total 37888K, used 37071K [0x00000000e0000000, 0x00000000e2a00000, 0x0000000100000000)
  eden space 32768K, 100% used [0x00000000e0000000,0x00000000e2000000,0x00000000e2000000)
  from space 5120K, 84% used [0x00000000e2000000,0x00000000e2433f88,0x00000000e2500000)
  to   space 5120K, 0% used [0x00000000e2500000,0x00000000e2500000,0x00000000e2a00000)
 ParOldGen       total 86016K, used 8K [0x00000000a0000000, 0x00000000a5400000, 0x00000000e0000000)
  object space 86016K, 0% used [0x00000000a0000000,0x00000000a0002000,0x00000000a5400000)
 Metaspace       used 8123K, capacity 8280K, committed 8576K, reserved 1056768K
  class space    used 1024K, capacity 1108K, committed 1152K, reserved 1048576K
Event: 2.479 GC heap after
Heap after GC invocations=2 (full 0):
 PSYoungGen      total 37888K, used 4256K [0x00000000e0000000, 0x00000000e4a00000, 0x0000000100000000)
  eden space 32768K, 0% used [0x00000000e0000000,0x00000000e0000000,0x00000000e2000000)
  from space 5120K, 83% used [0x00000000e2500000,0x00000000e2928208,0x00000000e2a00000)
  to   space 5120K, 0% used [0x00000000e2000000,0x00000000e2000000,0x00000000e2500000)
 ParOldGen       total 86016K, used 16K [0x00000000a0000000, 0x00000000a5400000, 0x00000000e0000000)
  object space 86016K, 0% used [0x00000000a0000000,0x00000000a0004000,0x00000000a5400000)
 Metaspace       used 8123K, capacity 8280K, committed 8576K, reserved 1056768K
  class space    used 1024K, capacity 1108K, committed 1152K, reserved 1048576K
}
Event: 4.370 GC heap before
{Heap before GC invocations=3 (full 0):
 PSYoungGen      total 37888K, used 37024K [0x00000000e0000000, 0x00000000e4a00000, 0x0000000100000000)
  eden space 32768K, 100% used [0x00000000e0000000,0x00000000e2000000,0x00000000e2000000)
  from space 5120K, 83% used [0x00000000e2500000,0x00000000e2928208,0x00000000e2a00000)
  to   space 5120K, 0% used [0x00000000e2000000,0x00000000e2000000,0x00000000e2500000)
 ParOldGen       total 86016K, used 16K [0x00000000a0000000, 0x00000000a5400000, 0x00000000e0000000)
  object space 86016K, 0% used [0x00000000a0000000,0x00000000a0004000,0x00000000a5400000)
 Metaspace       used 12629K, capacity 12926K, committed 13184K, reserved 1060864K
  class space    used 1730K, capacity 1865K, committed 1920K, reserved 1048576K
Event: 4.383 GC heap after
Heap after GC invocations=3 (full 0):
 PSYoungGen      total 37888K, used 5104K [0x00000000e0000000, 0x00000000e2a00000, 0x0000000100000000)
  eden space 32768K, 0% used [0x00000000e0000000,0x00000000e0000000,0x00000000e2000000)
  from space 5120K, 99% used [0x00000000e2000000,0x00000000e24fc3d0,0x00000000e2500000)
  to   space 5120K, 0% used [0x00000000e2500000,0x00000000e2500000,0x00000000e2a00000)
 ParOldGen       total 86016K, used 1630K [0x00000000a0000000, 0x00000000a5400000, 0x00000000e0000000)
  object space 86016K, 1% used [0x00000000a0000000,0x00000000a0197bd8,0x00000000a5400000)
 Metaspace       used 12629K, capacity 12926K, committed 13184K, reserved 1060864K
  class space    used 1730K, capacity 1865K, committed 1920K, reserved 1048576K
}
Event: 5.571 GC heap before
{Heap before GC invocations=4 (full 0):
 PSYoungGen      total 37888K, used 37872K [0x00000000e0000000, 0x00000000e2a00000, 0x0000000100000000)
  eden space 32768K, 100% used [0x00000000e0000000,0x00000000e2000000,0x00000000e2000000)
  from space 5120K, 99% used [0x00000000e2000000,0x00000000e24fc3d0,0x00000000e2500000)
  to   space 5120K, 0% used [0x00000000e2500000,0x00000000e2500000,0x00000000e2a00000)
 ParOldGen       total 86016K, used 1630K [0x00000000a0000000, 0x00000000a5400000, 0x00000000e0000000)
  object space 86016K, 1% used [0x00000000a0000000,0x00000000a0197bd8,0x00000000a5400000)
 Metaspace       used 15444K, capacity 15828K, committed 16256K, reserved 1062912K
  class space    used 2192K, capacity 2326K, committed 2432K, reserved 1048576K
Event: 5.585 GC heap after
Heap after GC invocations=4 (full 0):
 PSYoungGen      total 37888K, used 5104K [0x00000000e0000000, 0x00000000e2a00000, 0x0000000100000000)
  eden space 32768K, 0% used [0x00000000e0000000,0x00000000e0000000,0x00000000e2000000)
  from space 5120K, 99% used [0x00000000e2500000,0x00000000e29fc010,0x00000000e2a00000)
  to   space 5120K, 0% used [0x00000000e2000000,0x00000000e2000000,0x00000000e2500000)
 ParOldGen       total 86016K, used 4860K [0x00000000a0000000, 0x00000000a5400000, 0x00000000e0000000)
  object space 86016K, 5% used [0x00000000a0000000,0x00000000a04bf0a8,0x00000000a5400000)
 Metaspace       used 15444K, capacity 15828K, committed 16256K, reserved 1062912K
  class space    used 2192K, capacity 2326K, committed 2432K, reserved 1048576K
}

Deoptimization events (10 events):
Event: 4.093 Thread 0x000000001b62f000 Uncommon trap: reason=bimorphic action=maybe_recompile pc=0x00000000033aaee0 method=java.util.HashMap.putVal(ILjava/lang/Object;Ljava/lang/Object;ZZ)Ljava/lang/Object; @ 253
Event: 4.094 Thread 0x000000001b62f000 Uncommon trap: reason=bimorphic action=maybe_recompile pc=0x00000000033aaee0 method=java.util.HashMap.putVal(ILjava/lang/Object;Ljava/lang/Object;ZZ)Ljava/lang/Object; @ 253
Event: 4.511 Thread 0x000000001b62f000 Uncommon trap: reason=class_check action=maybe_recompile pc=0x00000000033e2c58 method=java.util.regex.Matcher.match(II)Z @ 86
Event: 4.545 Thread 0x000000001b62f000 Uncommon trap: reason=class_check action=maybe_recompile pc=0x00000000033e2c58 method=java.util.regex.Matcher.match(II)Z @ 86
Event: 4.546 Thread 0x000000001b62f000 Uncommon trap: reason=class_check action=maybe_recompile pc=0x00000000033e2c58 method=java.util.regex.Matcher.match(II)Z @ 86
Event: 4.547 Thread 0x000000001b62f000 Uncommon trap: reason=class_check action=maybe_recompile pc=0x000000000339455c method=java.util.regex.Matcher.match(II)Z @ 86
Event: 5.453 Thread 0x000000001b62f000 Uncommon trap: reason=unstable_if action=reinterpret pc=0x000000000351d9f4 method=java.lang.String.lastIndexOf([CII[CIII)I @ 66
Event: 5.562 Thread 0x000000001b62f000 Uncommon trap: reason=unstable_if action=reinterpret pc=0x0000000003274c48 method=java.net.URI.match(CJJ)Z @ 19
Event: 5.563 Thread 0x000000001b62f000 Uncommon trap: reason=unstable_if action=reinterpret pc=0x000000000333c7c0 method=java.net.URI.match(CJJ)Z @ 19
Event: 5.563 Thread 0x000000001b62f000 Uncommon trap: reason=unstable_if action=reinterpret pc=0x0000000003277008 method=java.net.URI.match(CJJ)Z @ 19

Classes redefined (0 events):
No events

Internal exceptions (10 events):
Event: 3.968 Thread 0x000000001b57e800 Exception <a 'java/lang/NoSuchMethodError': <clinit>> (0x00000000e0df63f0) thrown at [D:\src\AOSP-openjdk-cygwin\jdk8u\hotspot\src\share\vm\prims\jni.cpp, line 1613]
Event: 3.972 Thread 0x000000001b57e800 Exception <a 'java/lang/NoSuchMethodError': <clinit>> (0x00000000e0e0b310) thrown at [D:\src\AOSP-openjdk-cygwin\jdk8u\hotspot\src\share\vm\prims\jni.cpp, line 1613]
Event: 3.978 Thread 0x000000001b57e800 Exception <a 'java/lang/NoSuchMethodError': <clinit>> (0x00000000e0e1e398) thrown at [D:\src\AOSP-openjdk-cygwin\jdk8u\hotspot\src\share\vm\prims\jni.cpp, line 1613]
Event: 3.986 Thread 0x000000001b57e800 Exception <a 'java/lang/NoSuchMethodError': <clinit>> (0x00000000e0e45368) thrown at [D:\src\AOSP-openjdk-cygwin\jdk8u\hotspot\src\share\vm\prims\jni.cpp, line 1613]
Event: 3.993 Thread 0x000000001b57e800 Exception <a 'java/lang/NoSuchMethodError': <clinit>> (0x00000000e0e5d1a0) thrown at [D:\src\AOSP-openjdk-cygwin\jdk8u\hotspot\src\share\vm\prims\jni.cpp, line 1613]
Event: 3.994 Thread 0x000000001b57e800 Exception <a 'java/lang/NoSuchMethodError': <clinit>> (0x00000000e0e65c68) thrown at [D:\src\AOSP-openjdk-cygwin\jdk8u\hotspot\src\share\vm\prims\jni.cpp, line 1613]
Event: 4.000 Thread 0x000000001b57e800 Exception <a 'java/lang/NoSuchMethodError': <clinit>> (0x00000000e0e7c090) thrown at [D:\src\AOSP-openjdk-cygwin\jdk8u\hotspot\src\share\vm\prims\jni.cpp, line 1613]
Event: 4.029 Thread 0x000000001b57e800 Exception <a 'java/lang/NoSuchMethodError': <clinit>> (0x00000000e0edee18) thrown at [D:\src\AOSP-openjdk-cygwin\jdk8u\hotspot\src\share\vm\prims\jni.cpp, line 1613]
Event: 4.037 Thread 0x000000001b57e800 Exception <a 'java/lang/NoSuchMethodError': <clinit>> (0x00000000e0f0af28) thrown at [D:\src\AOSP-openjdk-cygwin\jdk8u\hotspot\src\share\vm\prims\jni.cpp, line 1613]
Event: 4.044 Thread 0x000000001b57e800 Exception <a 'java/lang/NoSuchMethodError': <clinit>> (0x00000000e0f274d0) thrown at [D:\src\AOSP-openjdk-cygwin\jdk8u\hotspot\src\share\vm\prims\jni.cpp, line 1613]

Events (10 events):
Event: 5.660 loading class com/google/common/collect/MapMakerInternalMap$StrongKeyWeakValueEntry$Helper
Event: 5.660 loading class com/google/common/collect/MapMakerInternalMap$StrongKeyWeakValueEntry$Helper done
Event: 5.661 loading class com/google/common/collect/MapMakerInternalMap$StrongKeyWeakValueSegment
Event: 5.661 loading class com/google/common/collect/MapMakerInternalMap$StrongKeyWeakValueSegment done
Event: 5.662 loading class org/gradle/model/internal/inspect/ModelRuleSourceDetector$2
Event: 5.662 loading class org/gradle/model/internal/inspect/ModelRuleSourceDetector$2 done
Event: 5.663 loading class org/gradle/model/internal/inspect/ModelRuleSourceDetector$1
Event: 5.663 loading class org/gradle/model/internal/inspect/ModelRuleSourceDetector$1 done
Event: 5.665 loading class com/google/common/cache/CacheLoader$FunctionToCacheLoader
Event: 5.665 loading class com/google/common/cache/CacheLoader$FunctionToCacheLoader done


Dynamic libraries:
0x00007ff723180000 - 0x00007ff7231b1000 	C:\Program Files\Android\Android Studio\jre\bin\java.exe
0x00007ffa033e0000 - 0x00007ffa035c1000 	C:\WINDOWS\SYSTEM32\ntdll.dll
0x00007ff9d2eb0000 - 0x00007ff9d2ec2000 	C:\Program Files\AVAST Software\Avast\aswhook.dll
0x00007ffa00eb0000 - 0x00007ffa00f61000 	C:\WINDOWS\System32\KERNEL32.DLL
0x00007ff9ff950000 - 0x00007ff9ffbc3000 	C:\WINDOWS\System32\KERNELBASE.dll
0x00007ffa03130000 - 0x00007ffa031d1000 	C:\WINDOWS\System32\ADVAPI32.dll
0x00007ffa03090000 - 0x00007ffa0312e000 	C:\WINDOWS\System32\msvcrt.dll
0x00007ffa02f60000 - 0x00007ffa02fbb000 	C:\WINDOWS\System32\sechost.dll
0x00007ffa03240000 - 0x00007ffa03364000 	C:\WINDOWS\System32\RPCRT4.dll
0x00007ffa01470000 - 0x00007ffa01600000 	C:\WINDOWS\System32\USER32.dll
0x00007ff9ffe40000 - 0x00007ff9ffe60000 	C:\WINDOWS\System32\win32u.dll
0x00007ffa02e80000 - 0x00007ffa02ea8000 	C:\WINDOWS\System32\GDI32.dll
0x00007ff9ff7b0000 - 0x00007ff9ff941000 	C:\WINDOWS\System32\gdi32full.dll
0x00007ffa00010000 - 0x00007ffa000af000 	C:\WINDOWS\System32\msvcp_win.dll
0x00007ff9fff10000 - 0x00007ffa00008000 	C:\WINDOWS\System32\ucrtbase.dll
0x00007ff9f1810000 - 0x00007ff9f1a79000 	C:\WINDOWS\WinSxS\amd64_microsoft.windows.common-controls_6595b64144ccf1df_6.0.17134.915_none_fb42a6293065514f\COMCTL32.dll
0x00007ffa00f70000 - 0x00007ffa01292000 	C:\WINDOWS\System32\combase.dll
0x00007ff9ffbd0000 - 0x00007ff9ffc49000 	C:\WINDOWS\System32\bcryptPrimitives.dll
0x00007ffa00870000 - 0x00007ffa0089d000 	C:\WINDOWS\System32\IMM32.DLL
0x0000000076690000 - 0x0000000076762000 	C:\Program Files\Android\Android Studio\jre\jre\bin\msvcr100.dll
0x0000000074f30000 - 0x0000000075771000 	C:\Program Files\Android\Android Studio\jre\jre\bin\server\jvm.dll
0x00007ffa01600000 - 0x00007ffa01608000 	C:\WINDOWS\System32\PSAPI.DLL
0x00007ff9ee960000 - 0x00007ff9ee969000 	C:\WINDOWS\SYSTEM32\WSOCK32.dll
0x00007ffa01850000 - 0x00007ffa018bc000 	C:\WINDOWS\System32\WS2_32.dll
0x00007ff9fd250000 - 0x00007ff9fd273000 	C:\WINDOWS\SYSTEM32\WINMM.dll
0x00007ff9f9a40000 - 0x00007ff9f9a4a000 	C:\WINDOWS\SYSTEM32\VERSION.dll
0x00007ff9fd220000 - 0x00007ff9fd24a000 	C:\WINDOWS\SYSTEM32\WINMMBASE.dll
0x00007ff9ffec0000 - 0x00007ff9fff09000 	C:\WINDOWS\System32\cfgmgr32.dll
0x00007ff9fb900000 - 0x00007ff9fb90f000 	C:\Program Files\Android\Android Studio\jre\jre\bin\verify.dll
0x00007ff9f3910000 - 0x00007ff9f3939000 	C:\Program Files\Android\Android Studio\jre\jre\bin\java.dll
0x00007ff9f9fa0000 - 0x00007ff9f9fb6000 	C:\Program Files\Android\Android Studio\jre\jre\bin\zip.dll
0x00007ffa018c0000 - 0x00007ffa02d00000 	C:\WINDOWS\System32\SHELL32.dll
0x00007ffa02eb0000 - 0x00007ffa02f59000 	C:\WINDOWS\System32\shcore.dll
0x00007ffa000b0000 - 0x00007ffa007bd000 	C:\WINDOWS\System32\windows.storage.dll
0x00007ffa00e50000 - 0x00007ffa00ea1000 	C:\WINDOWS\System32\shlwapi.dll
0x00007ff9ff760000 - 0x00007ff9ff771000 	C:\WINDOWS\System32\kernel.appcore.dll
0x00007ff9ff790000 - 0x00007ff9ff7af000 	C:\WINDOWS\System32\profapi.dll
0x00007ff9ff710000 - 0x00007ff9ff75c000 	C:\WINDOWS\System32\powrprof.dll
0x00007ff9ff780000 - 0x00007ff9ff78a000 	C:\WINDOWS\System32\FLTLIB.DLL
0x00007ff9f3ab0000 - 0x00007ff9f3aca000 	C:\Program Files\Android\Android Studio\jre\jre\bin\net.dll
0x00007ff9fec10000 - 0x00007ff9fec76000 	C:\WINDOWS\system32\mswsock.dll
0x00007ff9f38c0000 - 0x00007ff9f38d1000 	C:\Program Files\Android\Android Studio\jre\jre\bin\nio.dll
0x00007ff9f38a0000 - 0x00007ff9f38be000 	E:\Tools\Android\gradle-5.4.1-all\gradle-5.4.1\bin\native\25\windows-amd64\native-platform.dll
0x00007ff9f7bc0000 - 0x00007ff9f7bcd000 	C:\Program Files\Android\Android Studio\jre\jre\bin\management.dll
0x00007ff9ff410000 - 0x00007ff9ff427000 	C:\WINDOWS\SYSTEM32\CRYPTSP.dll
0x00007ff9fe7c0000 - 0x00007ff9fe7f3000 	C:\WINDOWS\system32\rsaenh.dll
0x00007ff9ff210000 - 0x00007ff9ff235000 	C:\WINDOWS\SYSTEM32\bcrypt.dll
0x00007ff9ff5f0000 - 0x00007ff9ff618000 	C:\WINDOWS\SYSTEM32\USERENV.dll
0x00007ff9fedc0000 - 0x00007ff9fedcb000 	C:\WINDOWS\SYSTEM32\CRYPTBASE.dll
0x00007ff9fe960000 - 0x00007ff9fe998000 	C:\WINDOWS\SYSTEM32\IPHLPAPI.DLL
0x00007ffa03390000 - 0x00007ffa03398000 	C:\WINDOWS\System32\NSI.dll
0x00007ff9f8640000 - 0x00007ff9f8656000 	C:\WINDOWS\SYSTEM32\dhcpcsvc6.DLL
0x00007ff9f8620000 - 0x00007ff9f863a000 	C:\WINDOWS\SYSTEM32\dhcpcsvc.DLL

VM Arguments:
jvm_args: -Xmx1536m -Dfile.encoding=windows-1252 -Duser.country=IN -Duser.language=en -Duser.variant 
java_command: org.gradle.launcher.daemon.bootstrap.GradleDaemon 5.1.1
java_class_path (initial): E:\Tools\Android\gradle-5.4.1-all\gradle-5.4.1\bin\wrapper\dists\gradle-5.1.1-all\97z1ksx6lirer3kbvdnh7jtjg\gradle-5.1.1\lib\gradle-launcher-5.1.1.jar
Launcher Type: SUN_STANDARD

Environment Variables:
PATH=C:\Program Files (x86)\Common Files\Oracle\Java\javapath;C:\Program Files (x86)\Intel\Intel(R) Management Engine Components\iCLS\;C:\Program Files\Intel\Intel(R) Management Engine Components\iCLS\;C:\Windows\system32;C:\Windows;C:\Windows\System32\Wbem;C:\Windows\System32\WindowsPowerShell\v1.0\;C:\Windows\System32\OpenSSH\;C:\Program Files (x86)\Intel\Intel(R) Management Engine Components\DAL;C:\Program Files\Intel\Intel(R) Management Engine Components\DAL;C:\Program Files (x86)\Intel\Intel(R) Management Engine Components\IPT;C:\Program Files\Intel\Intel(R) Management Engine Components\IPT;C:\Program Files (x86)\NVIDIA Corporation\PhysX\Common;C:\Program Files\Intel\WiFi\bin\;C:\Program Files\Common Files\Intel\WirelessCommon\;C:\WINDOWS\system32;C:\WINDOWS;C:\WINDOWS\System32\Wbem;C:\WINDOWS\System32\WindowsPowerShell\v1.0\;C:\WINDOWS\System32\OpenSSH\;C:\Program Files (x86)\Brackets\command;C:\Program Files\nodejs\;C:\Program Files\NVIDIA Corporation\NVIDIA NvDLISR;C:\Program Files\MySQL\MySQL Shell 8.0\bin\
USERNAME=Dharma
OS=Windows_NT
PROCESSOR_IDENTIFIER=Intel64 Family 6 Model 158 Stepping 10, GenuineIntel



---------------  S Y S T E M  ---------------

OS: Windows 10.0 , 64 bit Build 17134 (10.0.17134.753)

CPU:total 12 (initial active 12) (6 cores per cpu, 2 threads per core) family 6 model 158 stepping 10, cmov, cx8, fxsr, mmx, sse, sse2, sse3, ssse3, sse4.1, sse4.2, popcnt, avx, avx2, aes, clmul, erms, 3dnowpref, lzcnt, ht, tsc, tscinvbit, bmi1, bmi2, adx

Memory: 4k page, physical 8239352k(468252k free), swap 23730720k(3484k free)

vm_info: OpenJDK 64-Bit Server VM (25.152-b01) for windows-amd64 JRE (1.8.0_152-release-1343-b01), built by "builder" with MS VC++ 10.0 (VS2010)

time: Sat Jul 27 01:13:41 2019
elapsed time: 5 seconds (0d 0h 0m 5s)

