#
# There is insufficient memory for the Java Runtime Environment to continue.
# Native memory allocation (malloc) failed to allocate 813456 bytes for Chunk::new
# Possible reasons:
#   The system is out of physical RAM or swap space
#   In 32 bit mode, the process size limit was hit
# Possible solutions:
#   Reduce memory load on the system
#   Increase physical memory or swap space
#   Check if swap backing store is full
#   Use 64 bit Java on a 64 bit OS
#   Decrease Java heap size (-Xmx/-Xms)
#   Decrease number of Java threads
#   Decrease Java thread stack sizes (-Xss)
#   Set larger code cache with -XX:ReservedCodeCacheSize=
# This output file may be truncated or incomplete.
#
#  Out of Memory Error (allocation.cpp:390), pid=18420, tid=0x0000000000002924
#
# JRE version: OpenJDK Runtime Environment (8.0_152-b01) (build 1.8.0_152-release-1343-b01)
# Java VM: OpenJDK 64-Bit Server VM (25.152-b01 mixed mode windows-amd64 compressed oops)
# Failed to write core dump. Minidumps are not enabled by default on client versions of Windows
#

---------------  T H R E A D  ---------------

Current thread (0x0000000018530800):  JavaThread "C2 CompilerThread2" daemon [_thread_in_native, id=10532, stack(0x0000000019d80000,0x0000000019e80000)]

Stack: [0x0000000019d80000,0x0000000019e80000]
[error occurred during error reporting (printing stack bounds), id 0xc0000005]

Native frames: (J=compiled Java code, j=interpreted, Vv=VM code, C=native code)


Current CompileTask:
C2:  15033 5863       4       java.net.URLClassLoader$1::run (5 bytes)


---------------  P R O C E S S  ---------------

Java Threads: ( => current thread )
  0x000000001ee0e000 JavaThread "Cache worker for Build Output Cleanup Cache (F:\Natural disaster IDeas\App\Unity\.gradle\buildOutputCleanup)" [_thread_blocked, id=16564, stack(0x0000000025670000,0x0000000025770000)]
  0x000000001ee0a000 JavaThread "Build operations Thread 12" [_thread_blocked, id=23252, stack(0x0000000025170000,0x0000000025270000)]
  0x000000001ee09800 JavaThread "Build operations Thread 11" [_thread_blocked, id=23120, stack(0x0000000023df0000,0x0000000023ef0000)]
  0x000000001ee07000 JavaThread "Build operations Thread 10" [_thread_blocked, id=1180, stack(0x0000000023cf0000,0x0000000023df0000)]
  0x000000001ee08800 JavaThread "Build operations Thread 9" [_thread_blocked, id=18236, stack(0x0000000023bf0000,0x0000000023cf0000)]
  0x000000001ee0d000 JavaThread "Build operations Thread 8" [_thread_blocked, id=9796, stack(0x0000000023af0000,0x0000000023bf0000)]
  0x000000001e6ad000 JavaThread "Build operations Thread 7" [_thread_blocked, id=23420, stack(0x00000000239f0000,0x0000000023af0000)]
  0x000000001e6ab000 JavaThread "Build operations Thread 6" [_thread_blocked, id=19648, stack(0x00000000238f0000,0x00000000239f0000)]
  0x000000001e6ab800 JavaThread "Build operations Thread 5" [_thread_blocked, id=4892, stack(0x00000000237f0000,0x00000000238f0000)]
  0x000000001e6b1000 JavaThread "Build operations Thread 4" [_thread_blocked, id=17392, stack(0x00000000236f0000,0x00000000237f0000)]
  0x000000001e6b0000 JavaThread "Build operations Thread 3" [_thread_blocked, id=16996, stack(0x00000000235f0000,0x00000000236f0000)]
  0x000000001e6af800 JavaThread "Build operations Thread 2" [_thread_blocked, id=17044, stack(0x00000000234f0000,0x00000000235f0000)]
  0x000000001e6ac800 JavaThread "Build operations" [_thread_blocked, id=22896, stack(0x0000000022410000,0x0000000022510000)]
  0x000000001e6b1800 JavaThread "Cache worker for execution history cache (E:\Tools\Android\gradle-5.4.1-all\gradle-5.4.1\bin\caches\5.1.1\executionHistory)" [_thread_blocked, id=1748, stack(0x0000000021f10000,0x0000000022010000)]
  0x000000001b40f000 JavaThread "Cache worker for cache directory md-rule (E:\Tools\Android\gradle-5.4.1-all\gradle-5.4.1\bin\caches\5.1.1\md-rule)" [_thread_blocked, id=2588, stack(0x0000000020760000,0x0000000020860000)]
  0x000000001b40e800 JavaThread "Cache worker for cache directory md-supplier (E:\Tools\Android\gradle-5.4.1-all\gradle-5.4.1\bin\caches\5.1.1\md-supplier)" [_thread_blocked, id=4220, stack(0x00000000203a0000,0x00000000204a0000)]
  0x000000001b414800 JavaThread "Cache worker for file hash cache (F:\Natural disaster IDeas\App\Unity\.gradle\5.1.1\fileHashes)" [_thread_blocked, id=16740, stack(0x000000001e0a0000,0x000000001e1a0000)]
  0x000000001b413800 JavaThread "Cache worker for journal cache (E:\Tools\Android\gradle-5.4.1-all\gradle-5.4.1\bin\caches\journal-1)" [_thread_blocked, id=12248, stack(0x000000001cdd0000,0x000000001ced0000)]
  0x000000001b410800 JavaThread "File lock request listener" [_thread_in_native, id=10164, stack(0x000000001ccd0000,0x000000001cdd0000)]
  0x000000001b437800 JavaThread "Cache worker for file hash cache (E:\Tools\Android\gradle-5.4.1-all\gradle-5.4.1\bin\caches\5.1.1\fileHashes)" [_thread_blocked, id=12612, stack(0x000000001cbd0000,0x000000001ccd0000)]
  0x000000001b374000 JavaThread "Thread-8" [_thread_blocked, id=22504, stack(0x000000001cad0000,0x000000001cbd0000)]
  0x000000001b373800 JavaThread "Stdin handler" [_thread_blocked, id=19044, stack(0x000000001c9d0000,0x000000001cad0000)]
  0x000000001b36f800 JavaThread "Asynchronous log dispatcher for DefaultDaemonConnection: socket connection from /127.0.0.1:53044 to /127.0.0.1:53045" [_thread_blocked, id=9412, stack(0x000000001c8d0000,0x000000001c9d0000)]
  0x000000001b388800 JavaThread "Daemon worker" [_thread_in_vm, id=21248, stack(0x000000001c7d0000,0x000000001c8d0000)]
  0x000000001b355000 JavaThread "Cancel handler" [_thread_blocked, id=2512, stack(0x000000001c3d0000,0x000000001c4d0000)]
  0x000000001b369000 JavaThread "Handler for socket connection from /127.0.0.1:53044 to /127.0.0.1:53045" [_thread_in_native, id=10928, stack(0x000000001c2d0000,0x000000001c3d0000)]
  0x000000001b2e4000 JavaThread "Daemon" [_thread_blocked, id=9928, stack(0x000000001c1d0000,0x000000001c2d0000)]
  0x000000001b2c6800 JavaThread "Daemon periodic checks" [_thread_blocked, id=15900, stack(0x000000001c0d0000,0x000000001c1d0000)]
  0x000000001b2b1800 JavaThread "Incoming local TCP Connector on port 53044" [_thread_in_native, id=20340, stack(0x000000001be90000,0x000000001bf90000)]
  0x0000000018550000 JavaThread "Service Thread" daemon [_thread_blocked, id=17288, stack(0x0000000019f80000,0x000000001a080000)]
  0x000000001853b800 JavaThread "C1 CompilerThread3" daemon [_thread_blocked, id=12292, stack(0x0000000019e80000,0x0000000019f80000)]
=>0x0000000018530800 JavaThread "C2 CompilerThread2" daemon [_thread_in_native, id=10532, stack(0x0000000019d80000,0x0000000019e80000)]
  0x000000001852e000 JavaThread "C2 CompilerThread1" daemon [_thread_in_native, id=20216, stack(0x0000000019c80000,0x0000000019d80000)]
  0x0000000018527000 JavaThread "C2 CompilerThread0" daemon [_thread_in_native, id=19000, stack(0x0000000019b80000,0x0000000019c80000)]
  0x0000000018526000 JavaThread "Attach Listener" daemon [_thread_blocked, id=10488, stack(0x0000000019a80000,0x0000000019b80000)]
  0x0000000018535800 JavaThread "Signal Dispatcher" daemon [_thread_blocked, id=19352, stack(0x0000000019980000,0x0000000019a80000)]
  0x0000000018523000 JavaThread "Finalizer" daemon [_thread_blocked, id=4308, stack(0x0000000019790000,0x0000000019890000)]
  0x0000000016e3c800 JavaThread "Reference Handler" daemon [_thread_blocked, id=16848, stack(0x0000000019690000,0x0000000019790000)]
  0x0000000002d82800 JavaThread "main" [_thread_blocked, id=22004, stack(0x0000000002c80000,0x0000000002d80000)]

Other Threads:
  0x0000000016e35800 VMThread [stack: 0x0000000019590000,0x0000000019690000] [id=19860]
  0x0000000018531800 WatcherThread [stack: 0x000000001a080000,0x000000001a180000] [id=3640]

VM state:not at safepoint (normal execution)

VM Mutex/Monitor currently owned by a thread: None

Heap:
 PSYoungGen      total 132096K, used 4700K [0x00000000e0000000, 0x00000000e8f80000, 0x0000000100000000)
  eden space 119296K, 3% used [0x00000000e0000000,0x00000000e0497060,0x00000000e7480000)
  from space 12800K, 0% used [0x00000000e8300000,0x00000000e8300000,0x00000000e8f80000)
  to   space 13824K, 0% used [0x00000000e7480000,0x00000000e7480000,0x00000000e8200000)
 ParOldGen       total 97280K, used 35661K [0x00000000a0000000, 0x00000000a5f00000, 0x00000000e0000000)
  object space 97280K, 36% used [0x00000000a0000000,0x00000000a22d35d8,0x00000000a5f00000)
 Metaspace       used 57835K, capacity 59468K, committed 59648K, reserved 1101824K
  class space    used 7722K, capacity 8135K, committed 8192K, reserved 1048576K

Card table byte_map: [0x0000000012240000,0x0000000012550000] byte_map_base: 0x0000000011d40000

Marking Bits: (ParMarkBitMap*) 0x00000000756f5aa0
 Begin Bits: [0x0000000013150000, 0x0000000014950000)
 End Bits:   [0x0000000014950000, 0x0000000016150000)

Polling page: 0x0000000001090000

CodeCache: size=245760Kb used=19216Kb max_used=19243Kb free=226543Kb
 bounds [0x0000000002e80000, 0x0000000004160000, 0x0000000011e80000]
 total_blobs=6307 nmethods=5523 adapters=697
 compilation: enabled

Compilation events (10 events):
Event: 15.008 Thread 0x000000001853b800 5880       3       com.google.common.collect.ImmutableSet$Builder::build (165 bytes)
Event: 15.009 Thread 0x000000001853b800 nmethod 5880 0x00000000030b0010 code [0x00000000030b0280, 0x00000000030b1068]
Event: 15.013 Thread 0x000000001853b800 5881       1       org.gradle.api.internal.DefaultNamedDomainObjectCollection$AbstractNamedDomainObjectProvider::getType (5 bytes)
Event: 15.013 Thread 0x000000001853b800 nmethod 5881 0x00000000030afcd0 code [0x00000000030afe20, 0x00000000030aff30]
Event: 15.016 Thread 0x000000001853b800 5882       3       java.lang.invoke.MethodHandles$Lookup::checkMethod (83 bytes)
Event: 15.016 Thread 0x000000001853b800 nmethod 5882 0x00000000030e2250 code [0x00000000030e2420, 0x00000000030e2e58]
Event: 15.017 Thread 0x0000000018527000 nmethod 5872 0x0000000004157950 code [0x0000000004157ba0, 0x0000000004158f40]
Event: 15.017 Thread 0x0000000018527000 5873  s    4       sun.misc.URLClassPath::getNextLoader (88 bytes)
Event: 15.019 Thread 0x0000000018527000 nmethod 5873 0x000000000349bc90 code [0x000000000349bde0, 0x000000000349c108]
Event: 15.019 Thread 0x0000000018527000 5874       4       java.net.URLClassLoader::isSealed (72 bytes)

GC Heap History (10 events):
Event: 11.881 GC heap before
{Heap before GC invocations=15 (full 2):
 PSYoungGen      total 100864K, used 100469K [0x00000000e0000000, 0x00000000e8080000, 0x0000000100000000)
  eden space 89600K, 100% used [0x00000000e0000000,0x00000000e5780000,0x00000000e5780000)
  from space 11264K, 96% used [0x00000000e7580000,0x00000000e801d448,0x00000000e8080000)
  to   space 12288K, 0% used [0x00000000e6880000,0x00000000e6880000,0x00000000e7480000)
 ParOldGen       total 97280K, used 18373K [0x00000000a0000000, 0x00000000a5f00000, 0x00000000e0000000)
  object space 97280K, 18% used [0x00000000a0000000,0x00000000a11f1778,0x00000000a5f00000)
 Metaspace       used 47867K, capacity 49120K, committed 49280K, reserved 1091584K
  class space    used 6457K, capacity 6775K, committed 6784K, reserved 1048576K
Event: 11.898 GC heap after
Heap after GC invocations=15 (full 2):
 PSYoungGen      total 116736K, used 12283K [0x00000000e0000000, 0x00000000e8300000, 0x0000000100000000)
  eden space 104448K, 0% used [0x00000000e0000000,0x00000000e0000000,0x00000000e6600000)
  from space 12288K, 99% used [0x00000000e6880000,0x00000000e747ec18,0x00000000e7480000)
  to   space 14848K, 0% used [0x00000000e7480000,0x00000000e7480000,0x00000000e8300000)
 ParOldGen       total 97280K, used 21180K [0x00000000a0000000, 0x00000000a5f00000, 0x00000000e0000000)
  object space 97280K, 21% used [0x00000000a0000000,0x00000000a14af2f8,0x00000000a5f00000)
 Metaspace       used 47867K, capacity 49120K, committed 49280K, reserved 1091584K
  class space    used 6457K, capacity 6775K, committed 6784K, reserved 1048576K
}
Event: 13.017 GC heap before
{Heap before GC invocations=16 (full 2):
 PSYoungGen      total 116736K, used 116731K [0x00000000e0000000, 0x00000000e8300000, 0x0000000100000000)
  eden space 104448K, 100% used [0x00000000e0000000,0x00000000e6600000,0x00000000e6600000)
  from space 12288K, 99% used [0x00000000e6880000,0x00000000e747ec18,0x00000000e7480000)
  to   space 14848K, 0% used [0x00000000e7480000,0x00000000e7480000,0x00000000e8300000)
 ParOldGen       total 97280K, used 21180K [0x00000000a0000000, 0x00000000a5f00000, 0x00000000e0000000)
  object space 97280K, 21% used [0x00000000a0000000,0x00000000a14af2f8,0x00000000a5f00000)
 Metaspace       used 52253K, capacity 53540K, committed 53760K, reserved 1095680K
  class space    used 6979K, capacity 7321K, committed 7424K, reserved 1048576K
Event: 13.027 GC heap after
Heap after GC invocations=16 (full 2):
 PSYoungGen      total 119296K, used 5695K [0x00000000e0000000, 0x00000000e9380000, 0x0000000100000000)
  eden space 104448K, 0% used [0x00000000e0000000,0x00000000e0000000,0x00000000e6600000)
  from space 14848K, 38% used [0x00000000e7480000,0x00000000e7a0ff20,0x00000000e8300000)
  to   space 14848K, 0% used [0x00000000e6600000,0x00000000e6600000,0x00000000e7480000)
 ParOldGen       total 97280K, used 31420K [0x00000000a0000000, 0x00000000a5f00000, 0x00000000e0000000)
  object space 97280K, 32% used [0x00000000a0000000,0x00000000a1eaf240,0x00000000a5f00000)
 Metaspace       used 52253K, capacity 53540K, committed 53760K, reserved 1095680K
  class space    used 6979K, capacity 7321K, committed 7424K, reserved 1048576K
}
Event: 13.735 GC heap before
{Heap before GC invocations=17 (full 2):
 PSYoungGen      total 119296K, used 110143K [0x00000000e0000000, 0x00000000e9380000, 0x0000000100000000)
  eden space 104448K, 100% used [0x00000000e0000000,0x00000000e6600000,0x00000000e6600000)
  from space 14848K, 38% used [0x00000000e7480000,0x00000000e7a0ff20,0x00000000e8300000)
  to   space 14848K, 0% used [0x00000000e6600000,0x00000000e6600000,0x00000000e7480000)
 ParOldGen       total 97280K, used 31420K [0x00000000a0000000, 0x00000000a5f00000, 0x00000000e0000000)
  object space 97280K, 32% used [0x00000000a0000000,0x00000000a1eaf240,0x00000000a5f00000)
 Metaspace       used 52506K, capacity 53900K, committed 54272K, reserved 1095680K
  class space    used 6992K, capacity 7329K, committed 7424K, reserved 1048576K
Event: 13.740 GC heap after
Heap after GC invocations=17 (full 2):
 PSYoungGen      total 119296K, used 5701K [0x00000000e0000000, 0x00000000e9100000, 0x0000000100000000)
  eden space 104448K, 0% used [0x00000000e0000000,0x00000000e0000000,0x00000000e6600000)
  from space 14848K, 38% used [0x00000000e6600000,0x00000000e6b91750,0x00000000e7480000)
  to   space 14336K, 0% used [0x00000000e8300000,0x00000000e8300000,0x00000000e9100000)
 ParOldGen       total 97280K, used 31428K [0x00000000a0000000, 0x00000000a5f00000, 0x00000000e0000000)
  object space 97280K, 32% used [0x00000000a0000000,0x00000000a1eb1240,0x00000000a5f00000)
 Metaspace       used 52506K, capacity 53900K, committed 54272K, reserved 1095680K
  class space    used 6992K, capacity 7329K, committed 7424K, reserved 1048576K
}
Event: 14.721 GC heap before
{Heap before GC invocations=18 (full 2):
 PSYoungGen      total 119296K, used 67402K [0x00000000e0000000, 0x00000000e9100000, 0x0000000100000000)
  eden space 104448K, 59% used [0x00000000e0000000,0x00000000e3c410d8,0x00000000e6600000)
  from space 14848K, 38% used [0x00000000e6600000,0x00000000e6b91750,0x00000000e7480000)
  to   space 14336K, 0% used [0x00000000e8300000,0x00000000e8300000,0x00000000e9100000)
 ParOldGen       total 97280K, used 31428K [0x00000000a0000000, 0x00000000a5f00000, 0x00000000e0000000)
  object space 97280K, 32% used [0x00000000a0000000,0x00000000a1eb1240,0x00000000a5f00000)
 Metaspace       used 57559K, capacity 59130K, committed 59160K, reserved 1099776K
  class space    used 7666K, capacity 8064K, committed 8064K, reserved 1048576K
Event: 14.729 GC heap after
Heap after GC invocations=18 (full 2):
 PSYoungGen      total 132096K, used 8530K [0x00000000e0000000, 0x00000000e8f80000, 0x0000000100000000)
  eden space 119296K, 0% used [0x00000000e0000000,0x00000000e0000000,0x00000000e7480000)
  from space 12800K, 66% used [0x00000000e8300000,0x00000000e8b54878,0x00000000e8f80000)
  to   space 13824K, 0% used [0x00000000e7480000,0x00000000e7480000,0x00000000e8200000)
 ParOldGen       total 97280K, used 31436K [0x00000000a0000000, 0x00000000a5f00000, 0x00000000e0000000)
  object space 97280K, 32% used [0x00000000a0000000,0x00000000a1eb3240,0x00000000a5f00000)
 Metaspace       used 57559K, capacity 59130K, committed 59160K, reserved 1099776K
  class space    used 7666K, capacity 8064K, committed 8064K, reserved 1048576K
}
Event: 14.729 GC heap before
{Heap before GC invocations=19 (full 3):
 PSYoungGen      total 132096K, used 8530K [0x00000000e0000000, 0x00000000e8f80000, 0x0000000100000000)
  eden space 119296K, 0% used [0x00000000e0000000,0x00000000e0000000,0x00000000e7480000)
  from space 12800K, 66% used [0x00000000e8300000,0x00000000e8b54878,0x00000000e8f80000)
  to   space 13824K, 0% used [0x00000000e7480000,0x00000000e7480000,0x00000000e8200000)
 ParOldGen       total 97280K, used 31436K [0x00000000a0000000, 0x00000000a5f00000, 0x00000000e0000000)
  object space 97280K, 32% used [0x00000000a0000000,0x00000000a1eb3240,0x00000000a5f00000)
 Metaspace       used 57559K, capacity 59130K, committed 59160K, reserved 1099776K
  class space    used 7666K, capacity 8064K, committed 8064K, reserved 1048576K
Event: 14.987 GC heap after
Heap after GC invocations=19 (full 3):
 PSYoungGen      total 132096K, used 0K [0x00000000e0000000, 0x00000000e8f80000, 0x0000000100000000)
  eden space 119296K, 0% used [0x00000000e0000000,0x00000000e0000000,0x00000000e7480000)
  from space 12800K, 0% used [0x00000000e8300000,0x00000000e8300000,0x00000000e8f80000)
  to   space 13824K, 0% used [0x00000000e7480000,0x00000000e7480000,0x00000000e8200000)
 ParOldGen       total 97280K, used 35661K [0x00000000a0000000, 0x00000000a5f00000, 0x00000000e0000000)
  object space 97280K, 36% used [0x00000000a0000000,0x00000000a22d35d8,0x00000000a5f00000)
 Metaspace       used 57559K, capacity 59130K, committed 59160K, reserved 1099776K
  class space    used 7666K, capacity 8064K, committed 8064K, reserved 1048576K
}

Deoptimization events (10 events):
Event: 13.857 Thread 0x000000001b388800 Uncommon trap: reason=class_check action=maybe_recompile pc=0x0000000003fb96e0 method=com.sun.org.apache.xerces.internal.impl.XMLEntityScanner.load(IZZ)Z @ 81
Event: 13.926 Thread 0x000000001b388800 Uncommon trap: reason=class_check action=maybe_recompile pc=0x0000000003f498d0 method=com.sun.org.apache.xerces.internal.impl.XMLDocumentFragmentScannerImpl$FragmentContentDriver.next()I @ 2223
Event: 13.926 Thread 0x000000001b388800 Uncommon trap: reason=class_check action=maybe_recompile pc=0x0000000003f498c4 method=com.sun.org.apache.xerces.internal.impl.XMLDocumentFragmentScannerImpl$FragmentContentDriver.next()I @ 439
Event: 13.926 Thread 0x000000001b388800 Uncommon trap: reason=class_check action=maybe_recompile pc=0x0000000003f498c4 method=com.sun.org.apache.xerces.internal.impl.XMLDocumentFragmentScannerImpl$FragmentContentDriver.next()I @ 439
Event: 13.927 Thread 0x000000001b388800 Uncommon trap: reason=class_check action=maybe_recompile pc=0x0000000003f498c4 method=com.sun.org.apache.xerces.internal.impl.XMLDocumentFragmentScannerImpl$FragmentContentDriver.next()I @ 439
Event: 13.930 Thread 0x000000001b388800 Uncommon trap: reason=unstable_if action=reinterpret pc=0x0000000003cde574 method=com.sun.org.apache.xerces.internal.impl.XMLEntityScanner.checkBeforeLoad(Lcom/sun/xml/internal/stream/Entity$ScannedEntity;II)I @ 18
Event: 13.968 Thread 0x000000001b388800 Uncommon trap: reason=unstable_if action=reinterpret pc=0x0000000003fcb1c4 method=java.util.regex.Pattern.range(Ljava/util/regex/Pattern$BitClass;)Ljava/util/regex/Pattern$CharProperty; @ 168
Event: 14.079 Thread 0x000000001b388800 Uncommon trap: reason=unstable_if action=reinterpret pc=0x0000000003abad20 method=com.google.gson.stream.JsonReader.doPeek()I @ 315
Event: 14.485 Thread 0x000000001b388800 Uncommon trap: reason=unstable_if action=reinterpret pc=0x0000000003fc9d88 method=sun.misc.URLClassPath$1.next()Z @ 56
Event: 14.606 Thread 0x000000001b388800 Uncommon trap: reason=unstable_if action=reinterpret pc=0x000000000411f448 method=kotlin.reflect.jvm.internal.impl.protobuf.CodedInputStream.readRawVarint32()I @ 10

Classes redefined (0 events):
No events

Internal exceptions (10 events):
Event: 13.769 Thread 0x000000001b388800 Exception <a 'sun/nio/fs/WindowsException'> (0x00000000e016ced8) thrown at [D:\src\AOSP-openjdk-cygwin\jdk8u\hotspot\src\share\vm\prims\jni.cpp, line 709]
Event: 13.769 Thread 0x000000001b388800 Exception <a 'sun/nio/fs/WindowsException'> (0x00000000e0170948) thrown at [D:\src\AOSP-openjdk-cygwin\jdk8u\hotspot\src\share\vm\prims\jni.cpp, line 709]
Event: 13.769 Thread 0x000000001b388800 Exception <a 'sun/nio/fs/WindowsException'> (0x00000000e0171728) thrown at [D:\src\AOSP-openjdk-cygwin\jdk8u\hotspot\src\share\vm\prims\jni.cpp, line 709]
Event: 13.769 Thread 0x000000001b388800 Exception <a 'sun/nio/fs/WindowsException'> (0x00000000e0173920) thrown at [D:\src\AOSP-openjdk-cygwin\jdk8u\hotspot\src\share\vm\prims\jni.cpp, line 709]
Event: 13.770 Thread 0x000000001b388800 Exception <a 'sun/nio/fs/WindowsException'> (0x00000000e0174738) thrown at [D:\src\AOSP-openjdk-cygwin\jdk8u\hotspot\src\share\vm\prims\jni.cpp, line 709]
Event: 13.961 Thread 0x000000001b388800 Exception <a 'java/lang/NoSuchMethodError': java.lang.Object.lambda$comparing$77a9974f$1(Ljava/util/function/Function;Ljava/lang/Object;Ljava/lang/Object;)I> (0x00000000e03437b0) thrown at [D:\src\AOSP-openjdk-cygwin\jdk8u\hotspot\src\share\vm\interpreter
Event: 13.962 Thread 0x000000001b388800 Exception <a 'java/lang/NoSuchMethodError': java.lang.Object.lambda$thenComparing$36697e65$1(Ljava/util/Comparator;Ljava/lang/Object;Ljava/lang/Object;)I> (0x00000000e034f018) thrown at [D:\src\AOSP-openjdk-cygwin\jdk8u\hotspot\src\share\vm\interpreter\li
Event: 13.983 Thread 0x000000001b388800 Exception <a 'java/lang/NoSuchMethodError': java.lang.Object.lambda$maxBy$1(Ljava/util/Comparator;Ljava/lang/Object;Ljava/lang/Object;)Ljava/lang/Object;> (0x00000000e040d6b0) thrown at [D:\src\AOSP-openjdk-cygwin\jdk8u\hotspot\src\share\vm\interpreter\li
Event: 14.340 Thread 0x000000001b388800 Exception <a 'java/lang/NoSuchMethodError': java.lang.Object.lambda$comparingInt$7b0bb60$1(Ljava/util/function/ToIntFunction;Ljava/lang/Object;Ljava/lang/Object;)I> (0x00000000e0efc0d8) thrown at [D:\src\AOSP-openjdk-cygwin\jdk8u\hotspot\src\share\vm\inte
Event: 14.341 Thread 0x000000001b388800 Exception <a 'java/lang/NoSuchMethodError': java.lang.Object.lambda$comparing$ea9a8b3a$1(Ljava/util/Comparator;Ljava/util/function/Function;Ljava/lang/Object;Ljava/lang/Object;)I> (0x00000000e0f06470) thrown at [D:\src\AOSP-openjdk-cygwin\jdk8u\hotspot\sr

Events (10 events):
Event: 15.027 loading class com/android/build/gradle/tasks/ExternalNativeBuildTaskUtils$ExternalNativeBuildProjectPathResolution
Event: 15.027 loading class com/android/build/gradle/tasks/ExternalNativeBuildTaskUtils$ExternalNativeBuildProjectPathResolution done
Event: 15.028 loading class com/android/builder/merge/IncrementalFileMergerOutput
Event: 15.028 loading class com/android/builder/merge/IncrementalFileMergerOutput done
Event: 15.028 loading class com/android/builder/merge/OpenableCloseable
Event: 15.028 loading class com/android/builder/merge/OpenableCloseable done
Event: 15.029 loading class com/android/builder/merge/IncrementalFileMergerInput
Event: 15.029 loading class com/android/builder/merge/IncrementalFileMergerInput done
Event: 15.030 loading class com/android/build/gradle/internal/pipeline/VariantInfoImpl
Event: 15.030 loading class com/android/build/gradle/internal/pipeline/VariantInfoImpl done


Dynamic libraries:
0x00007ff723180000 - 0x00007ff7231b1000 	C:\Program Files\Android\Android Studio\jre\bin\java.exe
0x00007ffa033e0000 - 0x00007ffa035c1000 	C:\WINDOWS\SYSTEM32\ntdll.dll
0x00007ff9d2eb0000 - 0x00007ff9d2ec2000 	C:\Program Files\AVAST Software\Avast\aswhook.dll
0x00007ffa00eb0000 - 0x00007ffa00f61000 	C:\WINDOWS\System32\KERNEL32.DLL
0x00007ff9ff950000 - 0x00007ff9ffbc3000 	C:\WINDOWS\System32\KERNELBASE.dll
0x00007ffa03130000 - 0x00007ffa031d1000 	C:\WINDOWS\System32\ADVAPI32.dll
0x00007ffa03090000 - 0x00007ffa0312e000 	C:\WINDOWS\System32\msvcrt.dll
0x00007ffa02f60000 - 0x00007ffa02fbb000 	C:\WINDOWS\System32\sechost.dll
0x00007ffa03240000 - 0x00007ffa03364000 	C:\WINDOWS\System32\RPCRT4.dll
0x00007ffa01470000 - 0x00007ffa01600000 	C:\WINDOWS\System32\USER32.dll
0x00007ff9ffe40000 - 0x00007ff9ffe60000 	C:\WINDOWS\System32\win32u.dll
0x00007ffa02e80000 - 0x00007ffa02ea8000 	C:\WINDOWS\System32\GDI32.dll
0x00007ff9ff7b0000 - 0x00007ff9ff941000 	C:\WINDOWS\System32\gdi32full.dll
0x00007ffa00010000 - 0x00007ffa000af000 	C:\WINDOWS\System32\msvcp_win.dll
0x00007ff9fff10000 - 0x00007ffa00008000 	C:\WINDOWS\System32\ucrtbase.dll
0x00007ff9f1810000 - 0x00007ff9f1a79000 	C:\WINDOWS\WinSxS\amd64_microsoft.windows.common-controls_6595b64144ccf1df_6.0.17134.915_none_fb42a6293065514f\COMCTL32.dll
0x00007ffa00f70000 - 0x00007ffa01292000 	C:\WINDOWS\System32\combase.dll
0x00007ff9ffbd0000 - 0x00007ff9ffc49000 	C:\WINDOWS\System32\bcryptPrimitives.dll
0x00007ffa00870000 - 0x00007ffa0089d000 	C:\WINDOWS\System32\IMM32.DLL
0x0000000076690000 - 0x0000000076762000 	C:\Program Files\Android\Android Studio\jre\jre\bin\msvcr100.dll
0x0000000074f30000 - 0x0000000075771000 	C:\Program Files\Android\Android Studio\jre\jre\bin\server\jvm.dll
0x00007ffa01600000 - 0x00007ffa01608000 	C:\WINDOWS\System32\PSAPI.DLL
0x00007ff9ee960000 - 0x00007ff9ee969000 	C:\WINDOWS\SYSTEM32\WSOCK32.dll
0x00007ffa01850000 - 0x00007ffa018bc000 	C:\WINDOWS\System32\WS2_32.dll
0x00007ff9fd250000 - 0x00007ff9fd273000 	C:\WINDOWS\SYSTEM32\WINMM.dll
0x00007ff9f9a40000 - 0x00007ff9f9a4a000 	C:\WINDOWS\SYSTEM32\VERSION.dll
0x00007ff9fd220000 - 0x00007ff9fd24a000 	C:\WINDOWS\SYSTEM32\WINMMBASE.dll
0x00007ff9ffec0000 - 0x00007ff9fff09000 	C:\WINDOWS\System32\cfgmgr32.dll
0x00007ff9fb900000 - 0x00007ff9fb90f000 	C:\Program Files\Android\Android Studio\jre\jre\bin\verify.dll
0x00007ff9f3910000 - 0x00007ff9f3939000 	C:\Program Files\Android\Android Studio\jre\jre\bin\java.dll
0x00007ff9f9fa0000 - 0x00007ff9f9fb6000 	C:\Program Files\Android\Android Studio\jre\jre\bin\zip.dll
0x00007ffa018c0000 - 0x00007ffa02d00000 	C:\WINDOWS\System32\SHELL32.dll
0x00007ffa02eb0000 - 0x00007ffa02f59000 	C:\WINDOWS\System32\shcore.dll
0x00007ffa000b0000 - 0x00007ffa007bd000 	C:\WINDOWS\System32\windows.storage.dll
0x00007ffa00e50000 - 0x00007ffa00ea1000 	C:\WINDOWS\System32\shlwapi.dll
0x00007ff9ff760000 - 0x00007ff9ff771000 	C:\WINDOWS\System32\kernel.appcore.dll
0x00007ff9ff790000 - 0x00007ff9ff7af000 	C:\WINDOWS\System32\profapi.dll
0x00007ff9ff710000 - 0x00007ff9ff75c000 	C:\WINDOWS\System32\powrprof.dll
0x00007ff9ff780000 - 0x00007ff9ff78a000 	C:\WINDOWS\System32\FLTLIB.DLL
0x00007ff9f3ab0000 - 0x00007ff9f3aca000 	C:\Program Files\Android\Android Studio\jre\jre\bin\net.dll
0x00007ff9fec10000 - 0x00007ff9fec76000 	C:\WINDOWS\system32\mswsock.dll
0x00007ff9f38c0000 - 0x00007ff9f38d1000 	C:\Program Files\Android\Android Studio\jre\jre\bin\nio.dll
0x00007ff9f38a0000 - 0x00007ff9f38be000 	E:\Tools\Android\gradle-5.4.1-all\gradle-5.4.1\bin\native\25\windows-amd64\native-platform.dll
0x00007ff9f7bc0000 - 0x00007ff9f7bcd000 	C:\Program Files\Android\Android Studio\jre\jre\bin\management.dll
0x00007ff9ff410000 - 0x00007ff9ff427000 	C:\WINDOWS\SYSTEM32\CRYPTSP.dll
0x00007ff9fe7c0000 - 0x00007ff9fe7f3000 	C:\WINDOWS\system32\rsaenh.dll
0x00007ff9ff210000 - 0x00007ff9ff235000 	C:\WINDOWS\SYSTEM32\bcrypt.dll
0x00007ff9ff5f0000 - 0x00007ff9ff618000 	C:\WINDOWS\SYSTEM32\USERENV.dll
0x00007ff9fedc0000 - 0x00007ff9fedcb000 	C:\WINDOWS\SYSTEM32\CRYPTBASE.dll
0x00007ff9fe960000 - 0x00007ff9fe998000 	C:\WINDOWS\SYSTEM32\IPHLPAPI.DLL
0x00007ffa03390000 - 0x00007ffa03398000 	C:\WINDOWS\System32\NSI.dll
0x00007ff9f8640000 - 0x00007ff9f8656000 	C:\WINDOWS\SYSTEM32\dhcpcsvc6.DLL
0x00007ff9f8620000 - 0x00007ff9f863a000 	C:\WINDOWS\SYSTEM32\dhcpcsvc.DLL

VM Arguments:
jvm_args: -Xmx1536m -Dfile.encoding=windows-1252 -Duser.country=IN -Duser.language=en -Duser.variant 
java_command: org.gradle.launcher.daemon.bootstrap.GradleDaemon 5.1.1
java_class_path (initial): E:\Tools\Android\gradle-5.4.1-all\gradle-5.4.1\bin\wrapper\dists\gradle-5.1.1-all\97z1ksx6lirer3kbvdnh7jtjg\gradle-5.1.1\lib\gradle-launcher-5.1.1.jar
Launcher Type: SUN_STANDARD

Environment Variables:
PATH=C:\Program Files (x86)\Common Files\Oracle\Java\javapath;C:\Program Files (x86)\Intel\Intel(R) Management Engine Components\iCLS\;C:\Program Files\Intel\Intel(R) Management Engine Components\iCLS\;C:\Windows\system32;C:\Windows;C:\Windows\System32\Wbem;C:\Windows\System32\WindowsPowerShell\v1.0\;C:\Windows\System32\OpenSSH\;C:\Program Files (x86)\Intel\Intel(R) Management Engine Components\DAL;C:\Program Files\Intel\Intel(R) Management Engine Components\DAL;C:\Program Files (x86)\Intel\Intel(R) Management Engine Components\IPT;C:\Program Files\Intel\Intel(R) Management Engine Components\IPT;C:\Program Files (x86)\NVIDIA Corporation\PhysX\Common;C:\Program Files\Intel\WiFi\bin\;C:\Program Files\Common Files\Intel\WirelessCommon\;C:\WINDOWS\system32;C:\WINDOWS;C:\WINDOWS\System32\Wbem;C:\WINDOWS\System32\WindowsPowerShell\v1.0\;C:\WINDOWS\System32\OpenSSH\;C:\Program Files (x86)\Brackets\command;C:\Program Files\nodejs\;C:\Program Files\NVIDIA Corporation\NVIDIA NvDLISR;C:\Program Files\MySQL\MySQL Shell 8.0\bin\
USERNAME=Dharma
OS=Windows_NT
PROCESSOR_IDENTIFIER=Intel64 Family 6 Model 158 Stepping 10, GenuineIntel



---------------  S Y S T E M  ---------------

OS: Windows 10.0 , 64 bit Build 17134 (10.0.17134.753)

CPU:total 12 (initial active 12) (6 cores per cpu, 2 threads per core) family 6 model 158 stepping 10, cmov, cx8, fxsr, mmx, sse, sse2, sse3, ssse3, sse4.1, sse4.2, popcnt, avx, avx2, aes, clmul, erms, 3dnowpref, lzcnt, ht, tsc, tscinvbit, bmi1, bmi2, adx

Memory: 4k page, physical 8239352k(346492k free), swap 23730720k(7260k free)

vm_info: OpenJDK 64-Bit Server VM (25.152-b01) for windows-amd64 JRE (1.8.0_152-release-1343-b01), built by "builder" with MS VC++ 10.0 (VS2010)

time: Sat Jul 27 01:42:36 2019
elapsed time: 15 seconds (0d 0h 0m 15s)

